[INFO] Scanning for projects...
[INFO] 
[INFO] --------------------< com.example:reloader-backend >--------------------
[INFO] Building reloader-backend 0.0.1-SNAPSHOT
[INFO]   from pom.xml
[INFO] --------------------------------[ jar ]---------------------------------
[INFO] 
[INFO] >>> spring-boot:3.2.0:run (default-cli) > test-compile @ reloader-backend >>>
[INFO] 
[INFO] --- resources:3.3.1:resources (default-resources) @ reloader-backend ---
[INFO] Copying 1 resource from src/main/resources to target/classes
[INFO] Copying 2 resources from src/main/resources to target/classes
[INFO] 
[INFO] --- compiler:3.11.0:compile (default-compile) @ reloader-backend ---
[INFO] Nothing to compile - all classes are up to date
[INFO] 
[INFO] --- resources:3.3.1:testResources (default-testResources) @ reloader-backend ---
[INFO] skip non existing resourceDirectory /workspaces/hist-rel/reloader-app/backend/src/test/resources
[INFO] 
[INFO] --- compiler:3.11.0:testCompile (default-testCompile) @ reloader-backend ---
[INFO] Nothing to compile - all classes are up to date
[INFO] 
[INFO] <<< spring-boot:3.2.0:run (default-cli) < test-compile @ reloader-backend <<<
[INFO] 
[INFO] 
[INFO] --- spring-boot:3.2.0:run (default-cli) @ reloader-backend ---
[INFO] Attaching agents: []

  .   ____          _            __ _ _
 /\\ / ___'_ __ _ _(_)_ __  __ _ \ \ \ \
( ( )\___ | '_ | '_| | '_ \/ _` | \ \ \ \
 \\/  ___)| |_)| | | | | || (_| |  ) ) ) )
  '  |____| .__|_| |_|_| |_\__, | / / / /
 =========|_|==============|___/=/_/_/_/
 :: Spring Boot ::                (v3.2.0)

2025-09-24T04:51:03.311Z  INFO 35940 --- [           main] c.example.reloader.ReloaderApplication   : Starting ReloaderApplication using Java 21.0.7 with PID 35940 (/workspaces/hist-rel/reloader-app/backend/target/classes started by codespace in /workspaces/hist-rel/reloader-app/backend)
2025-09-24T04:51:03.317Z  INFO 35940 --- [           main] c.example.reloader.ReloaderApplication   : No active profile set, falling back to 1 default profile: "default"
2025-09-24T04:51:03.977Z  INFO 35940 --- [           main] .s.d.r.c.RepositoryConfigurationDelegate : Bootstrapping Spring Data JPA repositories in DEFAULT mode.
2025-09-24T04:51:04.017Z  INFO 35940 --- [           main] .s.d.r.c.RepositoryConfigurationDelegate : Finished Spring Data repository scanning in 35 ms. Found 1 JPA repository interface.
2025-09-24T04:51:04.497Z  INFO 35940 --- [           main] o.s.b.w.embedded.tomcat.TomcatWebServer  : Tomcat initialized with port 8080 (http)
2025-09-24T04:51:04.504Z  INFO 35940 --- [           main] o.apache.catalina.core.StandardService   : Starting service [Tomcat]
2025-09-24T04:51:04.505Z  INFO 35940 --- [           main] o.apache.catalina.core.StandardEngine    : Starting Servlet engine: [Apache Tomcat/10.1.16]
2025-09-24T04:51:04.559Z  INFO 35940 --- [           main] o.a.c.c.C.[Tomcat].[localhost].[/]       : Initializing Spring embedded WebApplicationContext
2025-09-24T04:51:04.561Z  INFO 35940 --- [           main] w.s.c.ServletWebServerApplicationContext : Root WebApplicationContext: initialization completed in 1161 ms
2025-09-24T04:51:04.686Z  INFO 35940 --- [           main] o.hibernate.jpa.internal.util.LogHelper  : HHH000204: Processing PersistenceUnitInfo [name: default]
2025-09-24T04:51:04.716Z  INFO 35940 --- [           main] org.hibernate.Version                    : HHH000412: Hibernate ORM core version 6.3.1.Final
2025-09-24T04:51:04.736Z  INFO 35940 --- [           main] o.h.c.internal.RegionFactoryInitiator    : HHH000026: Second-level cache disabled
2025-09-24T04:51:04.879Z  INFO 35940 --- [           main] o.s.o.j.p.SpringPersistenceUnitInfo      : No LoadTimeWeaver setup: ignoring JPA class transformer
2025-09-24T04:51:04.896Z  INFO 35940 --- [           main] com.zaxxer.hikari.HikariDataSource       : HikariPool-1 - Starting...
2025-09-24T04:51:05.250Z  INFO 35940 --- [           main] com.zaxxer.hikari.pool.HikariPool        : HikariPool-1 - Added connection conn0: url=jdbc:h2:mem:reloader user=SA
2025-09-24T04:51:05.252Z  INFO 35940 --- [           main] com.zaxxer.hikari.HikariDataSource       : HikariPool-1 - Start completed.
2025-09-24T04:51:05.268Z  WARN 35940 --- [           main] org.hibernate.orm.deprecation            : HHH90000025: H2Dialect does not need to be specified explicitly using 'hibernate.dialect' (remove the property setting and it will be selected by default)
2025-09-24T04:51:05.794Z  INFO 35940 --- [           main] o.h.e.t.j.p.i.JtaPlatformInitiator       : HHH000489: No JTA platform available (set 'hibernate.transaction.jta.platform' to enable JTA platform integration)
Hibernate: create table sender_queue (id bigint generated by default as identity, created_at timestamp(6) with time zone, payload_id varchar(1000) not null, processed_at timestamp(6) with time zone, sender_id integer, source varchar(200), status varchar(50), primary key (id))
2025-09-24T04:51:05.835Z  INFO 35940 --- [           main] j.LocalContainerEntityManagerFactoryBean : Initialized JPA EntityManagerFactory for persistence unit 'default'
2025-09-24T04:51:06.082Z  INFO 35940 --- [           main] o.s.d.j.r.query.QueryEnhancerFactory     : Hibernate is in classpath; If applicable, HQL parser will be used.
2025-09-24T04:51:06.470Z  WARN 35940 --- [           main] JpaBaseConfiguration$JpaWebConfiguration : spring.jpa.open-in-view is enabled by default. Therefore, database queries may be performed during view rendering. Explicitly configure spring.jpa.open-in-view to disable this warning
2025-09-24T04:51:06.704Z  INFO 35940 --- [           main] o.s.b.w.embedded.tomcat.TomcatWebServer  : Tomcat started on port 8080 (http) with context path ''
2025-09-24T04:51:06.710Z  INFO 35940 --- [           main] c.example.reloader.ReloaderApplication   : Started ReloaderApplication in 3.881 seconds (process running for 4.204)
2025-09-24T04:51:07.219Z  INFO 35940 --- [nio-8080-exec-1] o.a.c.c.C.[Tomcat].[localhost].[/]       : Initializing Spring DispatcherServlet 'dispatcherServlet'
2025-09-24T04:51:07.220Z  INFO 35940 --- [nio-8080-exec-1] o.s.web.servlet.DispatcherServlet        : Initializing Servlet 'dispatcherServlet'
2025-09-24T04:51:07.221Z  INFO 35940 --- [nio-8080-exec-1] o.s.web.servlet.DispatcherServlet        : Completed initialization in 1 ms
Hibernate: insert into sender_queue (created_at,payload_id,processed_at,sender_id,source,status,id) values (?,?,?,?,?,?,default)
Hibernate: insert into sender_queue (created_at,payload_id,processed_at,sender_id,source,status,id) values (?,?,?,?,?,?,default)
2025-09-24T04:52:13.434Z  INFO 35940 --- [nio-8080-exec-4] c.e.reloader.service.SenderService       : Enqueued 2 payloads (senderId=1, source=playwright)
Hibernate: select sqe1_0.id,sqe1_0.created_at,sqe1_0.payload_id,sqe1_0.processed_at,sqe1_0.sender_id,sqe1_0.source,sqe1_0.status from sender_queue sqe1_0 where sqe1_0.status=? order by sqe1_0.created_at offset ? rows fetch first ? rows only
2025-09-24T04:52:13.545Z  INFO 35940 --- [nio-8080-exec-5] c.e.reloader.service.SenderService       : Processed payload E2E1 as SENT
2025-09-24T04:52:13.545Z  INFO 35940 --- [nio-8080-exec-5] c.e.reloader.service.SenderService       : Processed payload E2E2 as SENT
Hibernate: update sender_queue set created_at=?,payload_id=?,processed_at=?,sender_id=?,source=?,status=? where id=?
Hibernate: update sender_queue set created_at=?,payload_id=?,processed_at=?,sender_id=?,source=?,status=? where id=?
Hibernate: select sqe1_0.id,sqe1_0.created_at,sqe1_0.payload_id,sqe1_0.processed_at,sqe1_0.sender_id,sqe1_0.source,sqe1_0.status from sender_queue sqe1_0 where sqe1_0.sender_id=? and sqe1_0.status=? order by sqe1_0.created_at offset ? rows fetch first ? rows only
2025-09-24T04:52:13.883Z  INFO 35940 --- [ionShutdownHook] j.LocalContainerEntityManagerFactoryBean : Closing JPA EntityManagerFactory for persistence unit 'default'
2025-09-24T04:52:13.886Z  INFO 35940 --- [ionShutdownHook] com.zaxxer.hikari.HikariDataSource       : HikariPool-1 - Shutdown initiated...
2025-09-24T04:52:13.891Z  INFO 35940 --- [ionShutdownHook] com.zaxxer.hikari.HikariDataSource       : HikariPool-1 - Shutdown completed.
